20231227155803 .... Iniciando la carga de 1 archivos encontrados para cargar a la base de datos
20231227155803 .... archivo: listado_celdas dic 2023 viva.csv ERROR al cargar a la base de datos tabla:cellsites
20231227155803 .... Hemos terminado de cargar los archivos..... 0 archivos procesados 
20231227160234 .... Iniciando la carga de 1 archivos encontrados para cargar a la base de datos
20231227160234 .... archivo: listado_celdas_dic_2023_viva.csv ERROR al cargar a la base de datos tabla:cellsites
20231227160234 .... Hemos terminado de cargar los archivos..... 0 archivos procesados 
20231227160744 .... Iniciando la carga de 1 archivos encontrados para cargar a la base de datos
20231227160744 .... archivo: listado_celdas_dic_2023_viva.csv ERROR al cargar a la base de datos tabla:cellsites
20231227160744 .... Hemos terminado de cargar los archivos..... 0 archivos procesados 
20231227160914 .... Iniciando la carga de 1 archivos encontrados para cargar a la base de datos
20231227160914 .... archivo: listado_celdas_dic_2023_viva.csv ERROR al cargar a la base de datos tabla:cellsites
20231227160914 .... Hemos terminado de cargar los archivos..... 0 archivos procesados 
20231227161738 .... Iniciando la carga de 1 archivos encontrados para cargar a la base de datos
20231227161738 .... archivo: listado_celdas_dic_2023_viva.csv ERROR al cargar a la base de datos tabla:cellsites
20231227161738 .... Hemos terminado de cargar los archivos..... 0 archivos procesados 
20231227161903 .... Iniciando la carga de 1 archivos encontrados para cargar a la base de datos
20231227161903 .... archivo: listado_celdas_dic_2023_viva.csv ERROR al cargar a la base de datos tabla:cellsites
20231227161903 .... Hemos terminado de cargar los archivos..... 0 archivos procesados 
20231227161952 .... Iniciando la carga de 1 archivos encontrados para cargar a la base de datos
20231227161952 .... archivo: listado_celdas_dic_2023_viva.csv ERROR al cargar a la base de datos tabla:cellsites
20231227161952 .... Hemos terminado de cargar los archivos..... 0 archivos procesados 
20231227162031 .... Iniciando la carga de 1 archivos encontrados para cargar a la base de datos
20231227162032 .... archivo: listado_celdas_dic_2023_viva.csv Cargado exitosamente a la base de datos tabla:cellsites
20231227162032 .... Hemos terminado de cargar los archivos..... 1 archivos procesados 
20231227162155 .... Iniciando la carga de 1 archivos encontrados para cargar a la base de datos
20231227162155 .... Ignorando archivo listado_celdas_dic_2023_viva.csv... cargado previamente
20231227162155 .... Hemos terminado de cargar los archivos..... 0 archivos procesados 
20231227162302 .... Iniciando la carga de 1 archivos encontrados para cargar a la base de datos
20231227162302 .... Ignorando archivo listado_celdas_dic_2023_viva.csv... cargado previamente
20231227162302 .... Hemos terminado de cargar los archivos..... 0 archivos procesados 
20231227162305 .... Iniciando la carga de 1 archivos encontrados para cargar a la base de datos
20231227162305 .... Ignorando archivo listado_celdas_dic_2023_viva.csv... cargado previamente
20231227162305 .... Hemos terminado de cargar los archivos..... 0 archivos procesados 
20231227162306 .... Iniciando la carga de 1 archivos encontrados para cargar a la base de datos
20231227162306 .... Ignorando archivo listado_celdas_dic_2023_viva.csv... cargado previamente
20231227162306 .... Hemos terminado de cargar los archivos..... 0 archivos procesados 
20231227162322 .... Iniciando la carga de 1 archivos encontrados para cargar a la base de datos
20231227162322 .... archivo: listado_celdas_dic_2023_viva.csv Cargado exitosamente a la base de datos tabla:cellsites
20231227162322 .... Hemos terminado de cargar los archivos..... 1 archivos procesados 
20231227163845 .... Iniciando la carga de 1 archivos encontrados para cargar a la base de datos
20231227163845 .... Ignorando archivo listado_celdas_dic_2023_viva.csv... cargado previamente
20231227163845 .... Hemos terminado de cargar los archivos..... 0 archivos procesados 
20231227163905 .... Iniciando la carga de 1 archivos encontrados para cargar a la base de datos
20231227163905 .... archivo: listado_celdas_dic_2023_viva.csv Cargado exitosamente a la base de datos tabla:cellsites
20231227163905 .... Hemos terminado de cargar los archivos..... 1 archivos procesados 
20231227165930 .... Iniciando la carga de 1 archivos encontrados para cargar a la base de datos
20231227165930 .... archivo: listado_celdas_dic_2023_viva.csv Cargado exitosamente a la base de datos tabla:cellsites
20231227165930 .... Hemos terminado de cargar los archivos..... 1 archivos procesados 
20231227185914 .... Iniciando la carga de 1 archivos encontrados para cargar a la base de datos
20231227185914 .... archivo: listado_celdas_dic_2023_viva.csv ERROR al cargar a la base de datos tabla:cellsites
20231227185914 .... Hemos terminado de cargar los archivos..... 0 archivos procesados 
20231227190356 .... Iniciando la carga de 1 archivos encontrados para cargar a la base de datos
20231227190356 .... archivo: listado_celdas_dic_2023_viva.csv ERROR al cargar a la base de datos tabla:cellsites
20231227190356 .... Hemos terminado de cargar los archivos..... 0 archivos procesados 
20231227190444 .... Iniciando la carga de 1 archivos encontrados para cargar a la base de datos
20231227190444 .... archivo: listado_celdas_dic_2023_viva.csv ERROR al cargar a la base de datos tabla:cellsites
20231227190444 .... Hemos terminado de cargar los archivos..... 0 archivos procesados 
20231227191042 .... Iniciando la carga de 1 archivos encontrados para cargar a la base de datos
20231227191043 .... archivo: listado_celdas_dic_2023_viva.csv Cargado exitosamente a la base de datos tabla:cellsites
20231227191043 .... Hemos terminado de cargar los archivos..... 1 archivos procesados 
20231227191444 .... Iniciando la carga de 1 archivos encontrados para cargar a la base de datos
20231227191444 .... archivo: listado_celdas_dic_2023_viva.csv ERROR al cargar a la base de datos tabla:cellsites
20231227191444 .... Hemos terminado de cargar los archivos..... 0 archivos procesados 
20231227191622 .... Iniciando la carga de 1 archivos encontrados para cargar a la base de datos
20231227191622 .... archivo: listado_celdas_dic_2023_viva.csv Cargado exitosamente a la base de datos tabla:cellsites
20231227191622 .... Hemos terminado de cargar los archivos..... 1 archivos procesados 
20231227194212 .... Iniciando la carga de 1 archivos encontrados para cargar a la base de datos
20231227194212 .... archivo: CL_PADRON_202309281541.csv ERROR al cargar a la base de datos tabla:padron
20231227194212 .... Hemos terminado de cargar los archivos..... 0 archivos procesados 
20231227194244 .... Iniciando la carga de 1 archivos encontrados para cargar a la base de datos
20231227194313 .... archivo: CL_PADRON_202309281541.csv Cargado exitosamente a la base de datos tabla:padron
20231227194313 .... Hemos terminado de cargar los archivos..... 1 archivos procesados 
20231227194829 .... Iniciando la carga de 1 archivos encontrados para cargar a la base de datos
20231227194831 .... archivo: CL_PADRON_202309281541.csv ERROR al cargar a la base de datos tabla:padron
20231227194831 .... Hemos terminado de cargar los archivos..... 0 archivos procesados 
20231227194907 .... Iniciando la carga de 1 archivos encontrados para cargar a la base de datos
20231227194908 .... archivo: CL_PADRON_202309281541.csv ERROR al cargar a la base de datos tabla:padron
20231227194908 .... Hemos terminado de cargar los archivos..... 0 archivos procesados 
20231227195135 .... Iniciando la carga de 1 archivos encontrados para cargar a la base de datos
20231227195135 .... archivo: CL_PADRON_202309281541.csv ERROR al cargar a la base de datos tabla:padron
20231227195135 .... Hemos terminado de cargar los archivos..... 0 archivos procesados 
20231227195234 .... Iniciando la carga de 1 archivos encontrados para cargar a la base de datos
20231227195235 .... archivo: CL_PADRON_202309281541.csv ERROR al cargar a la base de datos tabla:padron
20231227195235 .... Hemos terminado de cargar los archivos..... 0 archivos procesados 
20231227195342 .... Iniciando la carga de 1 archivos encontrados para cargar a la base de datos
20231227195342 .... archivo: CL_PADRON_202309281541.csv ERROR al cargar a la base de datos tabla:padron
20231227195342 .... Hemos terminado de cargar los archivos..... 0 archivos procesados 
20231227195813 .... Iniciando la carga de 1 archivos encontrados para cargar a la base de datos
20231227195814 .... archivo: CL_PADRON_202309281541.csv ERROR al cargar a la base de datos tabla:padron
20231227195814 .... Hemos terminado de cargar los archivos..... 0 archivos procesados 
20231227200608 .... Iniciando la carga de 1 archivos encontrados para cargar a la base de datos
20231227200608 .... archivo: CL_PADRON_202309281541.csv ERROR al cargar a la base de datos tabla:padron
20231227200608 .... Hemos terminado de cargar los archivos..... 0 archivos procesados 
20231227200624 .... Iniciando la carga de 1 archivos encontrados para cargar a la base de datos
20231227200632 .... archivo: CL_PADRON_202309281541.csv ERROR al cargar a la base de datos tabla:padron
20231227200632 .... Hemos terminado de cargar los archivos..... 0 archivos procesados 
20231227200803 .... Iniciando la carga de 1 archivos encontrados para cargar a la base de datos
20231227200831 .... archivo: CL_PADRON_202309281541.csv Cargado exitosamente a la base de datos tabla:padron
20231227200831 .... Hemos terminado de cargar los archivos..... 1 archivos procesados 
20231227201235 .... No Existen Archivos pendientes para cargar ... saliendo
20231227201252 .... Iniciando la carga de 1 archivos encontrados para cargar a la base de datos
20231227201252 .... archivo: CL_PADRON_202309281541.csv ERROR al cargar a la base de datos tabla:padron
20231227201252 .... Hemos terminado de cargar los archivos..... 0 archivos procesados 
20231227201325 .... Iniciando la carga de 1 archivos encontrados para cargar a la base de datos
20231227201348 .... archivo: CL_PADRON_202309281541.csv Cargado exitosamente a la base de datos tabla:padron
20231227201348 .... Hemos terminado de cargar los archivos..... 1 archivos procesados 
20231227201509 .... No Existen Archivos pendientes para cargar ... saliendo
20231227201552 .... Iniciando la carga de 1 archivos encontrados para cargar a la base de datos
20231227201621 .... archivo: CL_PADRON_202309281541.csv Cargado exitosamente a la base de datos tabla:padron
20231227201621 .... Hemos terminado de cargar los archivos..... 1 archivos procesados 
20231227211028 .... Iniciando la carga de 1 archivos encontrados para cargar a la base de datos
20231227211029 .... archivo: padron_dic20.csv ERROR al cargar a la base de datos tabla:padron
20231227211029 .... Hemos terminado de cargar los archivos..... 0 archivos procesados 
20231227211203 .... Iniciando la carga de 1 archivos encontrados para cargar a la base de datos
20231227211203 .... archivo: padron_dic20.csv ERROR al cargar a la base de datos tabla:padron
20231227211203 .... Hemos terminado de cargar los archivos..... 0 archivos procesados 
20231227211434 .... Iniciando la carga de 1 archivos encontrados para cargar a la base de datos
20231227211434 .... archivo: padron_dic20.csv ERROR al cargar a la base de datos tabla:padron
20231227211434 .... Hemos terminado de cargar los archivos..... 0 archivos procesados 
20231227211646 .... Iniciando la carga de 1 archivos encontrados para cargar a la base de datos
20231227211646 .... archivo: padron_dic20.csv ERROR al cargar a la base de datos tabla:padron
20231227211646 .... Hemos terminado de cargar los archivos..... 0 archivos procesados 
20231227211716 .... Iniciando la carga de 1 archivos encontrados para cargar a la base de datos
20231227211716 .... archivo: padron_dic20.csv ERROR al cargar a la base de datos tabla:padron
20231227211716 .... Hemos terminado de cargar los archivos..... 0 archivos procesados 
20231227211754 .... Iniciando la carga de 1 archivos encontrados para cargar a la base de datos
20231227211754 .... archivo: padron_dic20.csv ERROR al cargar a la base de datos tabla:padron
20231227211754 .... Hemos terminado de cargar los archivos..... 0 archivos procesados 
20231227211803 .... Iniciando la carga de 1 archivos encontrados para cargar a la base de datos
20231227211803 .... archivo: padron_dic20.csv ERROR al cargar a la base de datos tabla:padron
20231227211803 .... Hemos terminado de cargar los archivos..... 0 archivos procesados 
20231227212137 .... Iniciando la carga de 1 archivos encontrados para cargar a la base de datos
20231227212137 .... archivo: padron_dic20.csv ERROR al cargar a la base de datos tabla:padron
20231227212137 .... Hemos terminado de cargar los archivos..... 0 archivos procesados 
20231227212153 .... Iniciando la carga de 1 archivos encontrados para cargar a la base de datos
20231227212154 .... archivo: padron_dic20.csv ERROR al cargar a la base de datos tabla:padron
20231227212154 .... Hemos terminado de cargar los archivos..... 0 archivos procesados 
20231227212229 .... Iniciando la carga de 1 archivos encontrados para cargar a la base de datos
20231227212229 .... archivo: padron_dic20.csv ERROR al cargar a la base de datos tabla:padron
20231227212229 .... Hemos terminado de cargar los archivos..... 0 archivos procesados 
20231227212350 .... Iniciando la carga de 1 archivos encontrados para cargar a la base de datos
20231227213045 .... archivo: padron_dic20.csv ERROR al cargar a la base de datos tabla:padron
20231227213045 .... Hemos terminado de cargar los archivos..... 0 archivos procesados 
20231228025124 .... Iniciando la carga de 1 archivos encontrados para cargar a la base de datos
20231228025124 .... archivo: suscriptores_viva_dic20.csv ERROR al cargar a la base de datos tabla:suscriptores
20231228025124 .... Hemos terminado de cargar los archivos..... 0 archivos procesados 
20231228025158 .... Iniciando la carga de 1 archivos encontrados para cargar a la base de datos
20231228025158 .... archivo: suscriptores_viva_dic20.csv ERROR al cargar a la base de datos tabla:suscriptores
20231228025158 .... Hemos terminado de cargar los archivos..... 0 archivos procesados 
20231228025235 .... Iniciando la carga de 1 archivos encontrados para cargar a la base de datos
20231228025235 .... archivo: suscriptores_viva_dic20.csv ERROR al cargar a la base de datos tabla:suscriptores
20231228025235 .... Hemos terminado de cargar los archivos..... 0 archivos procesados 
20231228025325 .... Iniciando la carga de 1 archivos encontrados para cargar a la base de datos
20231228025328 .... archivo: suscriptores_viva_dic20.csv Cargado exitosamente a la base de datos tabla:suscriptores
20231228025328 .... Hemos terminado de cargar los archivos..... 1 archivos procesados 
20231228025930 .... Iniciando la carga de 1 archivos encontrados para cargar a la base de datos
20231228030717 .... archivo: padron_dic20.csv ERROR al cargar a la base de datos tabla:padron
20231228030717 .... Hemos terminado de cargar los archivos..... 0 archivos procesados 
20231228031539 .... Iniciando la carga de 1 archivos encontrados para cargar a la base de datos
20231228031920 .... archivo: padron_dic20.csv Cargado exitosamente a la base de datos tabla:padron
20231228031920 .... Hemos terminado de cargar los archivos..... 1 archivos procesados 
20231228150029 .... Iniciando la carga de 1 archivos encontrados para cargar a la base de datos
20231228150030 .... archivo: llamadas_viva_dic28_2023.csv Cargado exitosamente a la base de datos tabla:trafico
20231228150030 .... Hemos terminado de cargar los archivos..... 1 archivos procesados 
20231228163305 .... Iniciando la carga de 1 archivos encontrados para cargar a la base de datos
20231228163309 .... archivo: suscriptores_viva_dic20.csv Cargado exitosamente a la base de datos tabla:suscriptores
20231228163309 .... Hemos terminado de cargar los archivos..... 1 archivos procesados 
20231228163423 .... Iniciando la carga de 1 archivos encontrados para cargar a la base de datos
20231228163427 .... archivo: llamadas_viva_dic28_2023.csv Cargado exitosamente a la base de datos tabla:trafico
20231228163427 .... Hemos terminado de cargar los archivos..... 1 archivos procesados 
20231228163625 .... Iniciando la carga de 1 archivos encontrados para cargar a la base de datos
20231228164011 .... archivo: padron_dic20.csv Cargado exitosamente a la base de datos tabla:padron
20231228164011 .... Hemos terminado de cargar los archivos..... 1 archivos procesados 
20231228175942 .... Iniciando la carga de 1 archivos encontrados para cargar a la base de datos
20231228175942 .... archivo: listado_celdas_dic_2023_viva.csv ERROR al cargar a la base de datos tabla:cellsites
20231228175942 .... Hemos terminado de cargar los archivos..... 0 archivos procesados 
20231228180002 .... Iniciando la carga de 1 archivos encontrados para cargar a la base de datos
20231228180003 .... archivo: listado_celdas_dic_2023_viva.csv Cargado exitosamente a la base de datos tabla:cellsites
20231228180003 .... Hemos terminado de cargar los archivos..... 1 archivos procesados 
20231228180939 .... Iniciando la carga de 1 archivos encontrados para cargar a la base de datos
20231228180939 .... archivo: listado_celdas_dic_2023_viva.csv Cargado exitosamente a la base de datos tabla:cellsites
20231228180939 .... Hemos terminado de cargar los archivos..... 1 archivos procesados 
20231228180958 .... Iniciando la carga de 1 archivos encontrados para cargar a la base de datos
20231228181003 .... archivo: suscriptores_viva_dic20.csv Cargado exitosamente a la base de datos tabla:suscriptores
20231228181003 .... Hemos terminado de cargar los archivos..... 1 archivos procesados 
20231228181014 .... Iniciando la carga de 2 archivos encontrados para cargar a la base de datos
20231228181014 .... archivo: llamadas_viva_dic28_2023.csv Cargado exitosamente a la base de datos tabla:trafico
20231228181015 .... archivo: llamadas_viva_dic29_2023.csv Cargado exitosamente a la base de datos tabla:trafico
20231228181015 .... Hemos terminado de cargar los archivos..... 2 archivos procesados 
20231228181031 .... Iniciando la carga de 1 archivos encontrados para cargar a la base de datos
20231228181804 .... archivo: padron_dic20.csv Cargado exitosamente a la base de datos tabla:padron
20231228181804 .... Hemos terminado de cargar los archivos..... 1 archivos procesados 
20231228193103 .... Iniciando la carga de 1 archivos encontrados para cargar a la base de datos
20231228193103 .... archivo: listado_celdas_dic_2023_viva.csv Cargado exitosamente a la base de datos tabla:cellsites
20231228193103 .... Hemos terminado de cargar los archivos..... 1 archivos procesados 
20231228193105 .... No Existen Archivos pendientes para cargar ... saliendo
20231228194601 .... No Existen Archivos pendientes para cargar ... saliendo
20231228194801 .... Iniciando la carga de 1 archivos encontrados para cargar a la base de datos
20231228194801 .... archivo: listado_celdas_dic_2023_viva.csv Cargado exitosamente a la base de datos tabla:cellsites
20231228194801 .... Hemos terminado de cargar los archivos..... 1 archivos procesados 
20231228195001 .... Iniciando la carga de 1 archivos encontrados para cargar a la base de datos
20231228195001 .... archivo: listado_celdas_dic_2023_viva.csv Cargado exitosamente a la base de datos tabla:cellsites
20231228195001 .... Hemos terminado de cargar los archivos..... 1 archivos procesados 
20231228195201 .... No Existen Archivos pendientes para cargar ... saliendo
20231228200001 .... Iniciando la carga de 1 archivos encontrados para cargar a la base de datos
20231228200001 .... No Existen Archivos pendientes para cargar ... saliendo
20231228200001 .... Iniciando la carga de 2 archivos encontrados para cargar a la base de datos
20231228200001 .... Iniciando la carga de 1 archivos encontrados para cargar a la base de datos
20231228200001 .... archivo: llamadas_viva_dic28_2023.csv Cargado exitosamente a la base de datos tabla:trafico
20231228200007 .... archivo: llamadas_viva_dic29_2023.csv Cargado exitosamente a la base de datos tabla:trafico
20231228200007 .... Hemos terminado de cargar los archivos..... 2 archivos procesados 
20231228200051 .... archivo: suscriptores_viva_dic20.csv Cargado exitosamente a la base de datos tabla:suscriptores
20231228200051 .... Hemos terminado de cargar los archivos..... 1 archivos procesados 
20231228200636 .... Iniciando la carga de 1 archivos encontrados para cargar a la base de datos
20231228200727 .... archivo: padron_dic20.csv ERROR al cargar a la base de datos tabla:padron
20231228200727 .... Hemos terminado de cargar los archivos..... 0 archivos procesados 
20231228200753 .... archivo: padron_dic20.csv Cargado exitosamente a la base de datos tabla:padron
20231228200753 .... Hemos terminado de cargar los archivos..... 1 archivos procesados 
20231228201358 .... Iniciando la carga de 1 archivos encontrados para cargar a la base de datos
20231228201828 .... archivo: padron_dic20.csv Cargado exitosamente a la base de datos tabla:padron
20231228201828 .... Hemos terminado de cargar los archivos..... 1 archivos procesados 
20240125043238 .... Iniciando la carga de 1 archivos encontrados para cargar a la base de datos
20240125043238 .... archivo: trafico.csv Cargado exitosamente a la base de datos tabla:trafico
20240125043238 .... Hemos terminado de cargar los archivos..... 1 archivos procesados 
20240125050033 .... Iniciando la carga de 1 archivos encontrados para cargar a la base de datos
20240125050033 .... archivo: trafico1.csv Cargado exitosamente a la base de datos tabla:trafico
20240125050033 .... Hemos terminado de cargar los archivos..... 1 archivos procesados 
20240125050826 .... Iniciando la carga de 1 archivos encontrados para cargar a la base de datos
20240125050826 .... archivo: trafico1.csv Cargado exitosamente a la base de datos tabla:trafico
20240125050826 .... Hemos terminado de cargar los archivos..... 1 archivos procesados 
20240125051617 .... Iniciando la carga de 1 archivos encontrados para cargar a la base de datos
20240125051617 .... archivo: trafico1.csv Cargado exitosamente a la base de datos tabla:trafico
20240125051617 .... Hemos terminado de cargar los archivos..... 1 archivos procesados 
20240125053209 .... Iniciando la carga de 1 archivos encontrados para cargar a la base de datos
20240125053209 .... archivo: trafico.csv Cargado exitosamente a la base de datos tabla:trafico
20240125053209 .... Hemos terminado de cargar los archivos..... 1 archivos procesados 
20240125053926 .... Iniciando la carga de 1 archivos encontrados para cargar a la base de datos
20240125053926 .... archivo: trafico_celdas.txt Cargado exitosamente a la base de datos tabla:trafico
20240125053926 .... Hemos terminado de cargar los archivos..... 1 archivos procesados 
20240131195426 .... No Existen Archivos pendientes para cargar ... saliendo
